Linting Swift files in current working directory
Linting 'CodeEditorView.swift' (1/23)
Linting 'CelebrationOverlay.swift' (2/23)
Linting 'SettingsView.swift' (3/23)
Linting 'PythonInterpreterView.swift' (4/23)
/Users/runner/work/python-interpretor-codex/python-interpretor-codex/NotesApp/CelebrationOverlay.swift:40:31: error: Identifier Name Violation: Variable name 'i' should be between 3 and 40 characters long (identifier_name)
/Users/runner/work/python-interpretor-codex/python-interpretor-codex/NotesApp/CelebrationOverlay.swift:68:1: error: Trailing Newline Violation: Files should have a single trailing newline (trailing_newline)
Linting 'NotesAppApp.swift' (5/23)
/Users/runner/work/python-interpretor-codex/python-interpretor-codex/NotesApp/SettingsView.swift:55:32: error: Identifier Name Violation: Variable name 'w' should be between 3 and 40 characters long (identifier_name)
Linting 'NotificationManager.swift' (6/23)
/Users/runner/work/python-interpretor-codex/python-interpretor-codex/NotesApp/SettingsView.swift:36:1: error: Line Length Violation: Line should be 120 characters or less; currently it has 149 characters (line_length)
/Users/runner/work/python-interpretor-codex/python-interpretor-codex/NotesApp/CodeEditorView.swift:138:14: error: Block Based KVO Violation: Prefer the new block based KVO API with keypaths when using Swift 3.2 or later (block_based_kvo)
/Users/runner/work/python-interpretor-codex/python-interpretor-codex/NotesApp/CodeEditorView.swift:138:106: error: Colon Spacing Violation: Colons should be next to the identifier when specifying a type and next to the key in dictionary literals (colon)
/Users/runner/work/python-interpretor-codex/python-interpretor-codex/NotesApp/CodeEditorView.swift:14:13: error: Identifier Name Violation: Variable name 'v' should be between 3 and 40 characters long (identifier_name)
Linting 'ErrorLogView.swift' (7/23)
Linting 'ScreenshotMode.swift' (8/23)
/Users/runner/work/python-interpretor-codex/python-interpretor-codex/NotesApp/CodeEditorView.swift:110:20: error: Identifier Name Violation: Variable name 't' should be between 3 and 40 characters long (identifier_name)
/Users/runner/work/python-interpretor-codex/python-interpretor-codex/NotesApp/CodeEditorView.swift:118:27: error: Identifier Name Violation: Variable name 'bp' should be between 3 and 40 characters long (identifier_name)
Linting 'PythonExecutor.swift' (9/23)
/Users/runner/work/python-interpretor-codex/python-interpretor-codex/NotesApp/CodeEditorView.swift:149:13: error: Identifier Name Violation: Variable name 'ns' should be between 3 and 40 characters long (identifier_name)
/Users/runner/work/python-interpretor-codex/python-interpretor-codex/NotesApp/CodeEditorView.swift:160:17: error: Identifier Name Violation: Variable name 'bg' should be between 3 and 40 characters long (identifier_name)
/Users/runner/work/python-interpretor-codex/python-interpretor-codex/NotesApp/CodeEditorView.swift:179:42: error: Identifier Name Violation: Variable name 'gr' should be between 3 and 40 characters long (identifier_name)
/Users/runner/work/python-interpretor-codex/python-interpretor-codex/NotesApp/CodeEditorView.swift:195:48: error: Identifier Name Violation: Variable name 'gr' should be between 3 and 40 characters long (identifier_name)
/Users/runner/work/python-interpretor-codex/python-interpretor-codex/NotesApp/CodeEditorView.swift:205:13: error: Identifier Name Violation: Variable name 'ns' should be between 3 and 40 characters long (identifier_name)
/Users/runner/work/python-interpretor-codex/python-interpretor-codex/NotesApp/CodeEditorView.swift:234:19: error: Identifier Name Violation: Variable name 'tv' should be between 3 and 40 characters long (identifier_name)
/Users/runner/work/python-interpretor-codex/python-interpretor-codex/NotesApp/CodeEditorView.swift:259:13: error: Identifier Name Violation: Variable name 'i' should be between 3 and 40 characters long (identifier_name)
/Users/runner/work/python-interpretor-codex/python-interpretor-codex/NotesApp/CodeEditorView.swift:260:17: error: Identifier Name Violation: Variable name 'y' should be between 3 and 40 characters long (identifier_name)
/Users/runner/work/python-interpretor-codex/python-interpretor-codex/NotesApp/CodeEditorView.swift:263:21: error: Identifier Name Violation: Variable name 'hl' should be between 3 and 40 characters long (identifier_name)
/Users/runner/work/python-interpretor-codex/python-interpretor-codex/NotesApp/CodeEditorView.swift:275:17: error: Identifier Name Violation: Variable name 's' should be between 3 and 40 characters long (identifier_name)
/Users/runner/work/python-interpretor-codex/python-interpretor-codex/NotesApp/CodeEditorView.swift:277:17: error: Identifier Name Violation: Variable name 'r' should be between 3 and 40 characters long (identifier_name)
Linting 'CrashHandler.swift' (10/23)
/Users/runner/work/python-interpretor-codex/python-interpretor-codex/NotesApp/CodeEditorView.swift:11:9: error: Implicit Optional Initialization Violation: Optional should be implicitly initialized without nil (implicit_optional_initialization)
Linting 'NotesListView.swift' (11/23)
/Users/runner/work/python-interpretor-codex/python-interpretor-codex/NotesApp/CodeEditorView.swift:72:1: error: Line Length Violation: Line should be 120 characters or less; currently it has 123 characters (line_length)
Linting 'NoteDetailView.swift' (12/23)
/Users/runner/work/python-interpretor-codex/python-interpretor-codex/NotesApp/CodeEditorView.swift:138:1: error: Line Length Violation: Line should be 120 characters or less; currently it has 151 characters (line_length)
Linting 'HydrationHelpers.swift' (13/23)
/Users/runner/work/python-interpretor-codex/python-interpretor-codex/NotesApp/CodeEditorView.swift:211:1: error: Line Length Violation: Line should be 120 characters or less; currently it has 146 characters (line_length)
Linting 'OfflinePyodideExecutor.swift' (14/23)
Linting 'SyntaxHighlighter.swift' (15/23)
/Users/runner/work/python-interpretor-codex/python-interpretor-codex/NotesApp/CodeEditorView.swift:212:1: error: Line Length Violation: Line should be 120 characters or less; currently it has 176 characters (line_length)
/Users/runner/work/python-interpretor-codex/python-interpretor-codex/NotesApp/CodeEditorView.swift:263:1: error: Line Length Violation: Line should be 120 characters or less; currently it has 150 characters (line_length)
/Users/runner/work/python-interpretor-codex/python-interpretor-codex/NotesApp/CodeEditorView.swift:277:1: error: Line Length Violation: Line should be 120 characters or less; currently it has 136 characters (line_length)
/Users/runner/work/python-interpretor-codex/python-interpretor-codex/NotesApp/CodeEditorView.swift:209:40: error: Statement Position Violation: Else and catch should be on the same line, one space after the previous declaration (statement_position)
/Users/runner/work/python-interpretor-codex/python-interpretor-codex/NotesApp/NotificationManager.swift:36:1: error: Trailing Newline Violation: Files should have a single trailing newline (trailing_newline)
/Users/runner/work/python-interpretor-codex/python-interpretor-codex/NotesApp/NotificationManager.swift:13:119: error: Trailing Whitespace Violation: Lines should not have trailing whitespace (trailing_whitespace)
/Users/runner/work/python-interpretor-codex/python-interpretor-codex/NotesApp/ScreenshotMode.swift:8:1: error: Trailing Newline Violation: Files should have a single trailing newline (trailing_newline)
/Users/runner/work/python-interpretor-codex/python-interpretor-codex/NotesApp/ErrorLogView.swift:11:36: error: Identifier Name Violation: Variable name 'e' should be between 3 and 40 characters long (identifier_name)
/Users/runner/work/python-interpretor-codex/python-interpretor-codex/NotesApp/ErrorLogView.swift:73:24: error: Identifier Name Violation: Variable name 'd' should be between 3 and 40 characters long (identifier_name)
/Users/runner/work/python-interpretor-codex/python-interpretor-codex/NotesApp/ErrorLogView.swift:9:1: error: Line Length Violation: Line should be 120 characters or less; currently it has 158 characters (line_length)
/Users/runner/work/python-interpretor-codex/python-interpretor-codex/NotesApp/ErrorLogView.swift:85:1: error: Trailing Newline Violation: Files should have a single trailing newline (trailing_newline)
/Users/runner/work/python-interpretor-codex/python-interpretor-codex/NotesApp/PythonInterpreterView.swift:302:15: error: Comma Spacing Violation: There should be no space before and one after any comma (comma)
/Users/runner/work/python-interpretor-codex/python-interpretor-codex/NotesApp/PythonInterpreterView.swift:90:48: error: Identifier Name Violation: Variable name 's' should be between 3 and 40 characters long (identifier_name)
/Users/runner/work/python-interpretor-codex/python-interpretor-codex/NotesApp/PythonInterpreterView.swift:195:16: error: Identifier Name Violation: Variable name 'i' should be between 3 and 40 characters long (identifier_name)
/Users/runner/work/python-interpretor-codex/python-interpretor-codex/NotesApp/PythonInterpreterView.swift:200:20: error: Identifier Name Violation: Variable name 'j' should be between 3 and 40 characters long (identifier_name)
/Users/runner/work/python-interpretor-codex/python-interpretor-codex/NotesApp/PythonInterpreterView.swift:208:13: error: Identifier Name Violation: Variable name 'fm' should be between 3 and 40 characters long (identifier_name)
/Users/runner/work/python-interpretor-codex/python-interpretor-codex/NotesApp/PythonInterpreterView.swift:223:16: error: Identifier Name Violation: Variable name 's' should be between 3 and 40 characters long (identifier_name)
/Users/runner/work/python-interpretor-codex/python-interpretor-codex/NotesApp/PythonInterpreterView.swift:302:14: error: Identifier Name Violation: Variable name 'k' should be between 3 and 40 characters long (identifier_name)
/Users/runner/work/python-interpretor-codex/python-interpretor-codex/NotesApp/PythonInterpreterView.swift:302:16: error: Identifier Name Violation: Variable name 'v' should be between 3 and 40 characters long (identifier_name)
/Users/runner/work/python-interpretor-codex/python-interpretor-codex/NotesApp/PythonInterpreterView.swift:310:17: error: Identifier Name Violation: Variable name 'bp' should be between 3 and 40 characters long (identifier_name)
/Users/runner/work/python-interpretor-codex/python-interpretor-codex/NotesApp/PythonInterpreterView.swift:311:18: error: Identifier Name Violation: Variable name 'k' should be between 3 and 40 characters long (identifier_name)
/Users/runner/work/python-interpretor-codex/python-interpretor-codex/NotesApp/PythonInterpreterView.swift:311:21: error: Identifier Name Violation: Variable name 'v' should be between 3 and 40 characters long (identifier_name)
/Users/runner/work/python-interpretor-codex/python-interpretor-codex/NotesApp/PythonInterpreterView.swift:311:41: error: Identifier Name Violation: Variable name 'i' should be between 3 and 40 characters long (identifier_name)
/Users/runner/work/python-interpretor-codex/python-interpretor-codex/NotesApp/PythonInterpreterView.swift:14:24: error: Implicit Optional Initialization Violation: Optional should be implicitly initialized without nil (implicit_optional_initialization)
/Users/runner/work/python-interpretor-codex/python-interpretor-codex/NotesApp/PythonInterpreterView.swift:15:24: error: Implicit Optional Initialization Violation: Optional should be implicitly initialized without nil (implicit_optional_initialization)
/Users/runner/work/python-interpretor-codex/python-interpretor-codex/NotesApp/PythonInterpreterView.swift:17:24: error: Implicit Optional Initialization Violation: Optional should be implicitly initialized without nil (implicit_optional_initialization)
/Users/runner/work/python-interpretor-codex/python-interpretor-codex/NotesApp/PythonInterpreterView.swift:21:24: error: Implicit Optional Initialization Violation: Optional should be implicitly initialized without nil (implicit_optional_initialization)
/Users/runner/work/python-interpretor-codex/python-interpretor-codex/NotesApp/PythonInterpreterView.swift:23:24: error: Implicit Optional Initialization Violation: Optional should be implicitly initialized without nil (implicit_optional_initialization)
/Users/runner/work/python-interpretor-codex/python-interpretor-codex/NotesApp/PythonInterpreterView.swift:48:1: error: Line Length Violation: Line should be 200 characters or less; currently it has 277 characters (line_length)
/Users/runner/work/python-interpretor-codex/python-interpretor-codex/NotesApp/PythonInterpreterView.swift:244:1: error: Line Length Violation: Line should be 120 characters or less; currently it has 146 characters (line_length)
/Users/runner/work/python-interpretor-codex/python-interpretor-codex/NotesApp/PythonInterpreterView.swift:5:1: error: Type Body Length Violation: Struct body should span 250 lines or less excluding comments and whitespace: currently spans 287 lines (type_body_length)
/Users/runner/work/python-interpretor-codex/python-interpretor-codex/NotesApp/PythonInterpreterView.swift:177:20: error: Unused Optional Binding Violation: Prefer `!= nil` over `let _ =` (unused_optional_binding)
/Users/runner/work/python-interpretor-codex/python-interpretor-codex/NotesApp/PythonInterpreterView.swift:186:20: error: Unused Optional Binding Violation: Prefer `!= nil` over `let _ =` (unused_optional_binding)
Linting 'TodayView.swift' (16/23)
/Users/runner/work/python-interpretor-codex/python-interpretor-codex/NotesApp/HydrationHelpers.swift:41:24: error: Comma Spacing Violation: There should be no space before and one after any comma (comma)
/Users/runner/work/python-interpretor-codex/python-interpretor-codex/NotesApp/HydrationHelpers.swift:41:28: error: Comma Spacing Violation: There should be no space before and one after any comma (comma)
/Users/runner/work/python-interpretor-codex/python-interpretor-codex/NotesApp/HydrationHelpers.swift:29:13: error: Identifier Name Violation: Variable name 's' should be between 3 and 40 characters long (identifier_name)
/Users/runner/work/python-interpretor-codex/python-interpretor-codex/NotesApp/HydrationHelpers.swift:77:1: error: Line Length Violation: Line should be 120 characters or less; currently it has 121 characters (line_length)
/Users/runner/work/python-interpretor-codex/python-interpretor-codex/NotesApp/HydrationHelpers.swift:87:1: error: Trailing Newline Violation: Files should have a single trailing newline (trailing_newline)
Linting 'HistoryView.swift' (17/23)
/Users/runner/work/python-interpretor-codex/python-interpretor-codex/NotesApp/OfflinePyodideExecutor.swift:47:13: error: Function Body Length Violation: Function body should span 50 lines or less excluding comments and whitespace: currently spans 52 lines (function_body_length)
Linting 'Theme.swift' (18/23)
/Users/runner/work/python-interpretor-codex/python-interpretor-codex/NotesApp/OfflinePyodideExecutor.swift:36:17: error: Identifier Name Violation: Variable name 'js' should be between 3 and 40 characters long (identifier_name)
/Users/runner/work/python-interpretor-codex/python-interpretor-codex/NotesApp/OfflinePyodideExecutor.swift:127:28: error: Identifier Name Violation: Variable name 's' should be between 3 and 40 characters long (identifier_name)
/Users/runner/work/python-interpretor-codex/python-interpretor-codex/NotesApp/OfflinePyodideExecutor.swift:130:35: error: Identifier Name Violation: Variable name 's' should be between 3 and 40 characters long (identifier_name)
/Users/runner/work/python-interpretor-codex/python-interpretor-codex/NotesApp/OfflinePyodideExecutor.swift:8:17: error: Implicit Optional Initialization Violation: Optional should be implicitly initialized without nil (implicit_optional_initialization)
/Users/runner/work/python-interpretor-codex/python-interpretor-codex/NotesApp/OfflinePyodideExecutor.swift:34:1: error: Line Length Violation: Line should be 120 characters or less; currently it has 121 characters (line_length)
/Users/runner/work/python-interpretor-codex/python-interpretor-codex/NotesApp/OfflinePyodideExecutor.swift:55:1: error: Line Length Violation: Line should be 120 characters or less; currently it has 123 characters (line_length)
/Users/runner/work/python-interpretor-codex/python-interpretor-codex/NotesApp/OfflinePyodideExecutor.swift:69:1: error: Line Length Violation: Line should be 120 characters or less; currently it has 148 characters (line_length)
/Users/runner/work/python-interpretor-codex/python-interpretor-codex/NotesApp/OfflinePyodideExecutor.swift:85:1: error: Line Length Violation: Line should be 120 characters or less; currently it has 125 characters (line_length)
/Users/runner/work/python-interpretor-codex/python-interpretor-codex/NotesApp/OfflinePyodideExecutor.swift:110:1: error: Line Length Violation: Line should be 120 characters or less; currently it has 138 characters (line_length)
/Users/runner/work/python-interpretor-codex/python-interpretor-codex/NotesApp/OfflinePyodideExecutor.swift:123:1: error: Line Length Violation: Line should be 120 characters or less; currently it has 126 characters (line_length)
Linting 'Snippets.swift' (19/23)
/Users/runner/work/python-interpretor-codex/python-interpretor-codex/NotesApp/OfflinePyodideExecutor.swift:126:1: error: Line Length Violation: Line should be 120 characters or less; currently it has 130 characters (line_length)
Linting 'ErrorLogger.swift' (20/23)
/Users/runner/work/python-interpretor-codex/python-interpretor-codex/NotesApp/OfflinePyodideExecutor.swift:165:1: error: Line Length Violation: Line should be 120 characters or less; currently it has 134 characters (line_length)
/Users/runner/work/python-interpretor-codex/python-interpretor-codex/NotesApp/SyntaxHighlighter.swift:35:14: error: Comma Spacing Violation: There should be no space before and one after any comma (comma)
/Users/runner/work/python-interpretor-codex/python-interpretor-codex/NotesApp/SyntaxHighlighter.swift:35:22: error: Comma Spacing Violation: There should be no space before and one after any comma (comma)
/Users/runner/work/python-interpretor-codex/python-interpretor-codex/NotesApp/SyntaxHighlighter.swift:35:28: error: Comma Spacing Violation: There should be no space before and one after any comma (comma)
/Users/runner/work/python-interpretor-codex/python-interpretor-codex/NotesApp/SyntaxHighlighter.swift:35:33: error: Comma Spacing Violation: There should be no space before and one after any comma (comma)
/Users/runner/work/python-interpretor-codex/python-interpretor-codex/NotesApp/SyntaxHighlighter.swift:35:41: error: Comma Spacing Violation: There should be no space before and one after any comma (comma)
/Users/runner/work/python-interpretor-codex/python-interpretor-codex/NotesApp/SyntaxHighlighter.swift:35:46: error: Comma Spacing Violation: There should be no space before and one after any comma (comma)
/Users/runner/work/python-interpretor-codex/python-interpretor-codex/NotesApp/SyntaxHighlighter.swift:35:53: error: Comma Spacing Violation: There should be no space before and one after any comma (comma)
/Users/runner/work/python-interpretor-codex/python-interpretor-codex/NotesApp/SyntaxHighlighter.swift:35:60: error: Comma Spacing Violation: There should be no space before and one after any comma (comma)
/Users/runner/work/python-interpretor-codex/python-interpretor-codex/NotesApp/SyntaxHighlighter.swift:35:66: error: Comma Spacing Violation: There should be no space before and one after any comma (comma)
/Users/runner/work/python-interpretor-codex/python-interpretor-codex/NotesApp/SyntaxHighlighter.swift:35:75: error: Comma Spacing Violation: There should be no space before and one after any comma (comma)
/Users/runner/work/python-interpretor-codex/python-interpretor-codex/NotesApp/SyntaxHighlighter.swift:36:17: error: Comma Spacing Violation: There should be no space before and one after any comma (comma)
/Users/runner/work/python-interpretor-codex/python-interpretor-codex/NotesApp/SyntaxHighlighter.swift:36:24: error: Comma Spacing Violation: There should be no space before and one after any comma (comma)
/Users/runner/work/python-interpretor-codex/python-interpretor-codex/NotesApp/SyntaxHighlighter.swift:36:29: error: Comma Spacing Violation: There should be no space before and one after any comma (comma)
/Users/runner/work/python-interpretor-codex/python-interpretor-codex/NotesApp/SyntaxHighlighter.swift:36:38: error: Comma Spacing Violation: There should be no space before and one after any comma (comma)
/Users/runner/work/python-interpretor-codex/python-interpretor-codex/NotesApp/SyntaxHighlighter.swift:36:45: error: Comma Spacing Violation: There should be no space before and one after any comma (comma)
/Users/runner/work/python-interpretor-codex/python-interpretor-codex/NotesApp/SyntaxHighlighter.swift:36:53: error: Comma Spacing Violation: There should be no space before and one after any comma (comma)
/Users/runner/work/python-interpretor-codex/python-interpretor-codex/NotesApp/SyntaxHighlighter.swift:36:64: error: Comma Spacing Violation: There should be no space before and one after any comma (comma)
/Users/runner/work/python-interpretor-codex/python-interpretor-codex/NotesApp/SyntaxHighlighter.swift:36:73: error: Comma Spacing Violation: There should be no space before and one after any comma (comma)
/Users/runner/work/python-interpretor-codex/python-interpretor-codex/NotesApp/SyntaxHighlighter.swift:36:80: error: Comma Spacing Violation: There should be no space before and one after any comma (comma)
/Users/runner/work/python-interpretor-codex/python-interpretor-codex/NotesApp/SyntaxHighlighter.swift:37:17: error: Comma Spacing Violation: There should be no space before and one after any comma (comma)
/Users/runner/work/python-interpretor-codex/python-interpretor-codex/NotesApp/SyntaxHighlighter.swift:37:23: error: Comma Spacing Violation: There should be no space before and one after any comma (comma)
/Users/runner/work/python-interpretor-codex/python-interpretor-codex/NotesApp/SyntaxHighlighter.swift:37:32: error: Comma Spacing Violation: There should be no space before and one after any comma (comma)
/Users/runner/work/python-interpretor-codex/python-interpretor-codex/NotesApp/SyntaxHighlighter.swift:37:43: error: Comma Spacing Violation: There should be no space before and one after any comma (comma)
/Users/runner/work/python-interpretor-codex/python-interpretor-codex/NotesApp/SyntaxHighlighter.swift:37:51: error: Comma Spacing Violation: There should be no space before and one after any comma (comma)
/Users/runner/work/python-interpretor-codex/python-interpretor-codex/NotesApp/SyntaxHighlighter.swift:37:58: error: Comma Spacing Violation: There should be no space before and one after any comma (comma)
/Users/runner/work/python-interpretor-codex/python-interpretor-codex/NotesApp/SyntaxHighlighter.swift:37:66: error: Comma Spacing Violation: There should be no space before and one after any comma (comma)
/Users/runner/work/python-interpretor-codex/python-interpretor-codex/NotesApp/SyntaxHighlighter.swift:37:73: error: Comma Spacing Violation: There should be no space before and one after any comma (comma)
/Users/runner/work/python-interpretor-codex/python-interpretor-codex/NotesApp/SyntaxHighlighter.swift:37:79: error: Comma Spacing Violation: There should be no space before and one after any comma (comma)
/Users/runner/work/python-interpretor-codex/python-interpretor-codex/NotesApp/SyntaxHighlighter.swift:37:84: error: Comma Spacing Violation: There should be no space before and one after any comma (comma)
/Users/runner/work/python-interpretor-codex/python-interpretor-codex/NotesApp/SyntaxHighlighter.swift:37:90: error: Comma Spacing Violation: There should be no space before and one after any comma (comma)
/Users/runner/work/python-interpretor-codex/python-interpretor-codex/NotesApp/SyntaxHighlighter.swift:59:83: error: Comma Spacing Violation: There should be no space before and one after any comma (comma)
/Users/runner/work/python-interpretor-codex/python-interpretor-codex/NotesApp/SyntaxHighlighter.swift:40:5: error: Cyclomatic Complexity Violation: Function should have complexity 10 or less; currently complexity is 12 (cyclomatic_complexity)
/Users/runner/work/python-interpretor-codex/python-interpretor-codex/NotesApp/SyntaxHighlighter.swift:49:13: error: Identifier Name Violation: Variable name 'ns' should be between 3 and 40 characters long (identifier_name)
/Users/runner/work/python-interpretor-codex/python-interpretor-codex/NotesApp/SyntaxHighlighter.swift:53:79: error: Identifier Name Violation: Variable name 'm' should be between 3 and 40 characters long (identifier_name)
/Users/runner/work/python-interpretor-codex/python-interpretor-codex/NotesApp/SyntaxHighlighter.swift:54:24: error: Identifier Name Violation: Variable name 'r' should be between 3 and 40 characters long (identifier_name)
/Users/runner/work/python-interpretor-codex/python-interpretor-codex/NotesApp/SyntaxHighlighter.swift:60:82: error: Identifier Name Violation: Variable name 'm' should be between 3 and 40 characters long (identifier_name)
/Users/runner/work/python-interpretor-codex/python-interpretor-codex/NotesApp/SyntaxHighlighter.swift:61:24: error: Identifier Name Violation: Variable name 'r' should be between 3 and 40 characters long (identifier_name)
/Users/runner/work/python-interpretor-codex/python-interpretor-codex/NotesApp/SyntaxHighlighter.swift:65:82: error: Identifier Name Violation: Variable name 'm' should be between 3 and 40 characters long (identifier_name)
/Users/runner/work/python-interpretor-codex/python-interpretor-codex/NotesApp/SyntaxHighlighter.swift:66:24: error: Identifier Name Violation: Variable name 'r' should be between 3 and 40 characters long (identifier_name)
/Users/runner/work/python-interpretor-codex/python-interpretor-codex/NotesApp/SyntaxHighlighter.swift:72:77: error: Identifier Name Violation: Variable name 'm' should be between 3 and 40 characters long (identifier_name)
/Users/runner/work/python-interpretor-codex/python-interpretor-codex/NotesApp/SyntaxHighlighter.swift:73:24: error: Identifier Name Violation: Variable name 'r' should be between 3 and 40 characters long (identifier_name)
/Users/runner/work/python-interpretor-codex/python-interpretor-codex/NotesApp/SyntaxHighlighter.swift:79:78: error: Identifier Name Violation: Variable name 'm' should be between 3 and 40 characters long (identifier_name)
/Users/runner/work/python-interpretor-codex/python-interpretor-codex/NotesApp/SyntaxHighlighter.swift:80:24: error: Identifier Name Violation: Variable name 'r' should be between 3 and 40 characters long (identifier_name)
/Users/runner/work/python-interpretor-codex/python-interpretor-codex/NotesApp/SyntaxHighlighter.swift:86:20: error: Identifier Name Violation: Variable name 's' should be between 3 and 40 characters long (identifier_name)
/Users/runner/work/python-interpretor-codex/python-interpretor-codex/NotesApp/SyntaxHighlighter.swift:96:1: error: Trailing Newline Violation: Files should have a single trailing newline (trailing_newline)
Linting 'AnimatedProgressBar.swift' (21/23)
/Users/runner/work/python-interpretor-codex/python-interpretor-codex/NotesApp/Snippets.swift:37:5: error: Trailing Comma Violation: Collection literals should not have trailing commas (trailing_comma)
/Users/runner/work/python-interpretor-codex/python-interpretor-codex/NotesApp/Snippets.swift:40:1: error: Trailing Newline Violation: Files should have a single trailing newline (trailing_newline)
Linting 'Toast.swift' (22/23)
/Users/runner/work/python-interpretor-codex/python-interpretor-codex/NotesApp/AnimatedProgressBar.swift:25:1: error: Trailing Newline Violation: Files should have a single trailing newline (trailing_newline)
Linting 'PersistenceController.swift' (23/23)
/Users/runner/work/python-interpretor-codex/python-interpretor-codex/NotesApp/TodayView.swift:168:13: error: Identifier Name Violation: Variable name 'df' should be between 3 and 40 characters long (identifier_name)
/Users/runner/work/python-interpretor-codex/python-interpretor-codex/NotesApp/TodayView.swift:10:24: error: Implicit Optional Initialization Violation: Optional should be implicitly initialized without nil (implicit_optional_initialization)
/Users/runner/work/python-interpretor-codex/python-interpretor-codex/NotesApp/TodayView.swift:13:1: error: Line Length Violation: Line should be 120 characters or less; currently it has 124 characters (line_length)
/Users/runner/work/python-interpretor-codex/python-interpretor-codex/NotesApp/TodayView.swift:16:1: error: Trailing Whitespace Violation: Lines should not have trailing whitespace (trailing_whitespace)
Done linting! Found 137 violations, 137 serious in 23 files.
/Users/runner/work/python-interpretor-codex/python-interpretor-codex/NotesApp/ErrorLogger.swift:37:1: error: Line Length Violation: Line should be 120 characters or less; currently it has 125 characters (line_length)
/Users/runner/work/python-interpretor-codex/python-interpretor-codex/NotesApp/ErrorLogger.swift:54:1: error: Line Length Violation: Line should be 120 characters or less; currently it has 160 characters (line_length)
/Users/runner/work/python-interpretor-codex/python-interpretor-codex/NotesApp/ErrorLogger.swift:58:1: error: Trailing Newline Violation: Files should have a single trailing newline (trailing_newline)
/Users/runner/work/python-interpretor-codex/python-interpretor-codex/NotesApp/Toast.swift:6:9: error: Implicit Optional Initialization Violation: Optional should be implicitly initialized without nil (implicit_optional_initialization)
/Users/runner/work/python-interpretor-codex/python-interpretor-codex/NotesApp/Toast.swift:68:1: error: Trailing Newline Violation: Files should have a single trailing newline (trailing_newline)
/Users/runner/work/python-interpretor-codex/python-interpretor-codex/NotesApp/PersistenceController.swift:5:1: error: Trailing Whitespace Violation: Lines should not have trailing whitespace (trailing_whitespace)
/Users/runner/work/python-interpretor-codex/python-interpretor-codex/NotesApp/PersistenceController.swift:28:1: error: Trailing Whitespace Violation: Lines should not have trailing whitespace (trailing_whitespace)
/Users/runner/work/python-interpretor-codex/python-interpretor-codex/NotesApp/PersistenceController.swift:37:1: error: Trailing Whitespace Violation: Lines should not have trailing whitespace (trailing_whitespace)
/Users/runner/work/python-interpretor-codex/python-interpretor-codex/NotesApp/PersistenceController.swift:39:1: error: Trailing Whitespace Violation: Lines should not have trailing whitespace (trailing_whitespace)
/Users/runner/work/python-interpretor-codex/python-interpretor-codex/NotesApp/PersistenceController.swift:45:62: error: Unused Closure Parameter Violation: Unused parameter in a closure should be replaced with _ (unused_closure_parameter)
Error: Process completed with exit code 2.
0s
0s
0s
0s
0s
0s
0s

